{
  "0 debug pnpm:scope": {
    "selected": 1,
    "workspacePrefix": "/Users/sarahchavez/Documents/Projects/donut_finder"
  },
  "1 info pnpm": {
    "err": {
      "name": "Error",
      "message": "not found: changeset",
      "code": "ENOENT",
      "stack": "Error: not found: changeset\n    at getNotFoundError (/Users/sarahchavez/.asdf/installs/pnpm/6.32.6/dist/pnpm.cjs:41595:51)\n    at Function.whichSync [as sync] (/Users/sarahchavez/.asdf/installs/pnpm/6.32.6/dist/pnpm.cjs:41672:13)\n    at getCommandAbsolutePathSync (/Users/sarahchavez/.asdf/installs/pnpm/6.32.6/dist/pnpm.cjs:43237:44)\n    at default_1 (/Users/sarahchavez/.asdf/installs/pnpm/6.32.6/dist/pnpm.cjs:43246:32)\n    at /Users/sarahchavez/.asdf/installs/pnpm/6.32.6/dist/pnpm.cjs:178233:39"
    }
  },
  "2 error pnpm": {
    "code": "ERR_PNPM_RECURSIVE_EXEC_FIRST_FAIL",
    "prefix": "/Users/sarahchavez/Documents/Projects/donut_finder",
    "err": {
      "name": "pnpm",
      "message": "not found: changeset",
      "code": "ERR_PNPM_RECURSIVE_EXEC_FIRST_FAIL",
      "stack": "Error: not found: changeset\n    at getNotFoundError (/Users/sarahchavez/.asdf/installs/pnpm/6.32.6/dist/pnpm.cjs:41595:51)\n    at Function.whichSync [as sync] (/Users/sarahchavez/.asdf/installs/pnpm/6.32.6/dist/pnpm.cjs:41672:13)\n    at getCommandAbsolutePathSync (/Users/sarahchavez/.asdf/installs/pnpm/6.32.6/dist/pnpm.cjs:43237:44)\n    at default_1 (/Users/sarahchavez/.asdf/installs/pnpm/6.32.6/dist/pnpm.cjs:43246:32)\n    at /Users/sarahchavez/.asdf/installs/pnpm/6.32.6/dist/pnpm.cjs:178233:39"
    }
  }
}